<?xml version="1.0" encoding="UTF-8"?>
<!-- Generated by org.testng.reporters.JUnitXMLReporter -->
<testsuite ignored="0" hostname="DESKTOP-T9I1UPJ" failures="0" tests="6" name="Surefire test" time="0.091" errors="0" timestamp="2019-10-08T15:06:42 CDT">
  <testcase classname="qaclickacademy.AppiumTest" name="nativeAppAndroid" time="0.013"/>
  <testcase classname="qaclickacademy.AppiumTest" name="nativeAppIOS" time="0.001"/>
  <testcase classname="qaclickacademy.RESTApiTest" name="deleteTwitter" time="0.001"/>
  <testcase classname="qaclickacademy.RESTApiTest" name="postJira" time="0.001"/>
  <testcase classname="qaclickacademy.SeleniumTest" name="browserAutomation" time="0.001"/>
  <testcase classname="qaclickacademy.SeleniumTest" name="elementUI" time="0.001"/>
</testsuite> <!-- Surefire test -->
