<?xml version="1.0" encoding="UTF-8"?>
<testsuite xmlns:xsi="http://www.w3.org/2001/XMLSchema-instance" xsi:noNamespaceSchemaLocation="https://maven.apache.org/surefire/maven-surefire-plugin/xsd/surefire-test-report-3.0.xsd" version="3.0" name="TestSuite" time="0.935" tests="4" errors="0" skipped="0" failures="0">
  <properties>
[...]
</properties>
  <testcase name="nativeAppAndroid" classname="qaclickacademy.AppiumTest" time="0.015"/>
  <testcase name="nativeAppIOS" classname="qaclickacademy.AppiumTest" time="0.001"/>
  <testcase name="browserAutomation" classname="qaclickacademy.SeleniumTest" time="0.001"/>
  <testcase name="elementUI" classname="qaclickacademy.SeleniumTest" time="0.001"/>
</testsuite>