<?xml version="1.0" encoding="UTF-8"?>
<testng-results ignored="0" total="4" passed="4" failed="0" skipped="0">
  <reporter-output>
  </reporter-output>
  <suite started-at="2019-10-08T16:02:56 CDT" name="Suite" finished-at="2019-10-08T16:02:57 CDT" duration-ms="56">
    <groups>
    </groups>
    <test started-at="2019-10-08T16:02:56 CDT" name="Test" finished-at="2019-10-08T16:02:57 CDT" duration-ms="56">
      <class name="qaclickacademy.AppiumTest">
        <test-method signature="nativeAppAndroid()[pri:0, instance:qaclickacademy.AppiumTest@525b461a]" started-at="2019-10-08T16:02:57 CDT" name="nativeAppAndroid" finished-at="2019-10-08T16:02:57 CDT" duration-ms="13" status="PASS">
          <reporter-output>
          </reporter-output>
        </test-method> <!-- nativeAppAndroid -->
        <test-method signature="nativeAppIOS()[pri:0, instance:qaclickacademy.AppiumTest@525b461a]" started-at="2019-10-08T16:02:57 CDT" name="nativeAppIOS" finished-at="2019-10-08T16:02:57 CDT" duration-ms="1" status="PASS">
          <reporter-output>
          </reporter-output>
        </test-method> <!-- nativeAppIOS -->
      </class> <!-- qaclickacademy.AppiumTest -->
      <class name="qaclickacademy.SeleniumTest">
        <test-method signature="browserAutomation()[pri:0, instance:qaclickacademy.SeleniumTest@58c1c010]" started-at="2019-10-08T16:02:57 CDT" name="browserAutomation" finished-at="2019-10-08T16:02:57 CDT" duration-ms="0" status="PASS">
          <reporter-output>
          </reporter-output>
        </test-method> <!-- browserAutomation -->
        <test-method signature="elementUI()[pri:0, instance:qaclickacademy.SeleniumTest@58c1c010]" started-at="2019-10-08T16:02:57 CDT" name="elementUI" finished-at="2019-10-08T16:02:57 CDT" duration-ms="0" status="PASS">
          <reporter-output>
          </reporter-output>
        </test-method> <!-- elementUI -->
      </class> <!-- qaclickacademy.SeleniumTest -->
    </test> <!-- Test -->
  </suite> <!-- Suite -->
</testng-results>
